# JRE version: Java(TM) SE Runtime Environment (8.0_05-b13) (build 1.8.0_05-b13)
# Java VM: Java HotSpot(TM) 64-Bit Server VM (25.5-b02 mixed mode bsd-amd64 compressed oops)
Heap:
 PSYoungGen      total 121344K, used 33515K [0x00000007b5580000, 0x00000007be400000, 0x00000007c0000000)
  eden space 98304K, 34% used [0x00000007b5580000,0x00000007b763afd8,0x00000007bb580000)
  from space 23040K, 0% used [0x00000007bcc80000,0x00000007bcc80000,0x00000007be300000)
  to   space 23552K, 0% used [0x00000007bb580000,0x00000007bb580000,0x00000007bcc80000)
 ParOldGen       total 129536K, used 67793K [0x00000007a0000000, 0x00000007a7e80000, 0x00000007b5580000)
  object space 129536K, 52% used [0x00000007a0000000,0x00000007a4234740,0x00000007a7e80000)
 Metaspace       used 46779K, capacity 49456K, committed 49920K, reserved 1091584K
  class space    used 5328K, capacity 6812K, committed 6912K, reserved 1048576K
GC Heap History (10 events):
Event: 3608.183 GC heap before
{Heap before GC invocations=40 (full 2):
 PSYoungGen      total 118784K, used 100660K [0x00000007b5580000, 0x00000007be800000, 0x00000007c0000000)
  eden space 103936K, 82% used [0x00000007b5580000,0x00000007ba9a3cf8,0x00000007bbb00000)
  from space 14848K, 97% used [0x00000007bc000000,0x00000007bce29440,0x00000007bce80000)
  to   space 23040K, 0% used [0x00000007bd180000,0x00000007bd180000,0x00000007be800000)
 ParOldGen       total 129536K, used 75106K [0x00000007a0000000, 0x00000007a7e80000, 0x00000007b5580000)
  object space 129536K, 57% used [0x00000007a0000000,0x00000007a4958af0,0x00000007a7e80000)
 Metaspace       used 46507K, capacity 49166K, committed 49280K, reserved 1091584K
  class space    used 5333K, capacity 6747K, committed 6784K, reserved 1048576K
Event: 3608.195 GC heap after
Heap after GC invocations=40 (full 2):
 PSYoungGen      total 126976K, used 14748K [0x00000007b5580000, 0x00000007be800000, 0x00000007c0000000)
  eden space 103936K, 0% used [0x00000007b5580000,0x00000007b5580000,0x00000007bbb00000)
  from space 23040K, 64% used [0x00000007bd180000,0x00000007bdfe72d0,0x00000007be800000)
  to   space 23040K, 0% used [0x00000007bbb00000,0x00000007bbb00000,0x00000007bd180000)
 ParOldGen       total 129536K, used 75114K [0x00000007a0000000, 0x00000007a7e80000, 0x00000007b5580000)
  object space 129536K, 57% used [0x00000007a0000000,0x00000007a495aaf0,0x00000007a7e80000)
 Metaspace       used 46507K, capacity 49166K, committed 49280K, reserved 1091584K
  class space    used 5333K, capacity 6747K, committed 6784K, reserved 1048576K
}
Event: 3608.195 GC heap before
{Heap before GC invocations=41 (full 3):
 PSYoungGen      total 126976K, used 14748K [0x00000007b5580000, 0x00000007be800000, 0x00000007c0000000)
  eden space 103936K, 0% used [0x00000007b5580000,0x00000007b5580000,0x00000007bbb00000)
  from space 23040K, 64% used [0x00000007bd180000,0x00000007bdfe72d0,0x00000007be800000)
  to   space 23040K, 0% used [0x00000007bbb00000,0x00000007bbb00000,0x00000007bd180000)
 ParOldGen       total 129536K, used 75114K [0x00000007a0000000, 0x00000007a7e80000, 0x00000007b5580000)
  object space 129536K, 57% used [0x00000007a0000000,0x00000007a495aaf0,0x00000007a7e80000)
 Metaspace       used 46507K, capacity 49166K, committed 49280K, reserved 1091584K
  class space    used 5333K, capacity 6747K, committed 6784K, reserved 1048576K
Event: 3608.673 GC heap after
Heap after GC invocations=41 (full 3):
 PSYoungGen      total 126976K, used 0K [0x00000007b5580000, 0x00000007be800000, 0x00000007c0000000)
  eden space 103936K, 0% used [0x00000007b5580000,0x00000007b5580000,0x00000007bbb00000)
  from space 23040K, 0% used [0x00000007bd180000,0x00000007bd180000,0x00000007be800000)
  to   space 23040K, 0% used [0x00000007bbb00000,0x00000007bbb00000,0x00000007bd180000)
 ParOldGen       total 129536K, used 68894K [0x00000007a0000000, 0x00000007a7e80000, 0x00000007b5580000)
  object space 129536K, 53% used [0x00000007a0000000,0x00000007a4347b28,0x00000007a7e80000)
 Metaspace       used 46336K, capacity 48884K, committed 49280K, reserved 1091584K
  class space    used 5307K, capacity 6700K, committed 6784K, reserved 1048576K
}
Event: 13260.023 GC heap before
{Heap before GC invocations=42 (full 3):
 PSYoungGen      total 126976K, used 103936K [0x00000007b5580000, 0x00000007be800000, 0x00000007c0000000)
  eden space 103936K, 100% used [0x00000007b5580000,0x00000007bbb00000,0x00000007bbb00000)
  from space 23040K, 0% used [0x00000007bd180000,0x00000007bd180000,0x00000007be800000)
  to   space 23040K, 0% used [0x00000007bbb00000,0x00000007bbb00000,0x00000007bd180000)
 ParOldGen       total 129536K, used 68894K [0x00000007a0000000, 0x00000007a7e80000, 0x00000007b5580000)
  object space 129536K, 53% used [0x00000007a0000000,0x00000007a4347b28,0x00000007a7e80000)
 Metaspace       used 46614K, capacity 49164K, committed 49536K, reserved 1091584K
  class space    used 5316K, capacity 6741K, committed 6784K, reserved 1048576K
Event: 13260.033 GC heap after
Heap after GC invocations=42 (full 3):
 PSYoungGen      total 103936K, used 4717K [0x00000007b5580000, 0x00000007be300000, 0x00000007c0000000)
  eden space 98816K, 0% used [0x00000007b5580000,0x00000007b5580000,0x00000007bb600000)
  from space 5120K, 92% used [0x00000007bbb00000,0x00000007bbf9b538,0x00000007bc000000)
  to   space 23040K, 0% used [0x00000007bcc80000,0x00000007bcc80000,0x00000007be300000)
 ParOldGen       total 129536K, used 68902K [0x00000007a0000000, 0x00000007a7e80000, 0x00000007b5580000)
  object space 129536K, 53% used [0x00000007a0000000,0x00000007a4349b28,0x00000007a7e80000)
 Metaspace       used 46614K, capacity 49164K, committed 49536K, reserved 1091584K
  class space    used 5316K, capacity 6741K, committed 6784K, reserved 1048576K
}
Event: 13491.375 GC heap before
{Heap before GC invocations=43 (full 3):
 PSYoungGen      total 103936K, used 11460K [0x00000007b5580000, 0x00000007be300000, 0x00000007c0000000)
  eden space 98816K, 6% used [0x00000007b5580000,0x00000007b5c15ba0,0x00000007bb600000)
  from space 5120K, 92% used [0x00000007bbb00000,0x00000007bbf9b538,0x00000007bc000000)
  to   space 23040K, 0% used [0x00000007bcc80000,0x00000007bcc80000,0x00000007be300000)
 ParOldGen       total 129536K, used 68902K [0x00000007a0000000, 0x00000007a7e80000, 0x00000007b5580000)
  object space 129536K, 53% used [0x00000007a0000000,0x00000007a4349b28,0x00000007a7e80000)
 Metaspace       used 46649K, capacity 49170K, committed 49536K, reserved 1091584K
  class space    used 5317K, capacity 6742K, committed 6784K, reserved 1048576K
Event: 13491.378 GC heap after
Heap after GC invocations=43 (full 3):
 PSYoungGen      total 121344K, used 898K [0x00000007b5580000, 0x00000007be400000, 0x00000007c0000000)
  eden space 98304K, 0% used [0x00000007b5580000,0x00000007b5580000,0x00000007bb580000)
  from space 23040K, 3% used [0x00000007bcc80000,0x00000007bcd608c0,0x00000007be300000)
  to   space 23552K, 0% used [0x00000007bb580000,0x00000007bb580000,0x00000007bcc80000)
 ParOldGen       total 129536K, used 68902K [0x00000007a0000000, 0x00000007a7e80000, 0x00000007b5580000)
  object space 129536K, 53% used [0x00000007a0000000,0x00000007a4349b28,0x00000007a7e80000)
 Metaspace       used 46649K, capacity 49170K, committed 49536K, reserved 1091584K
  class space    used 5317K, capacity 6742K, committed 6784K, reserved 1048576K
}
Event: 13491.378 GC heap before
{Heap before GC invocations=44 (full 4):
 PSYoungGen      total 121344K, used 898K [0x00000007b5580000, 0x00000007be400000, 0x00000007c0000000)
  eden space 98304K, 0% used [0x00000007b5580000,0x00000007b5580000,0x00000007bb580000)
  from space 23040K, 3% used [0x00000007bcc80000,0x00000007bcd608c0,0x00000007be300000)
  to   space 23552K, 0% used [0x00000007bb580000,0x00000007bb580000,0x00000007bcc80000)
 ParOldGen       total 129536K, used 68902K [0x00000007a0000000, 0x00000007a7e80000, 0x00000007b5580000)
  object space 129536K, 53% used [0x00000007a0000000,0x00000007a4349b28,0x00000007a7e80000)
 Metaspace       used 46649K, capacity 49170K, committed 49536K, reserved 1091584K
  class space    used 5317K, capacity 6742K, committed 6784K, reserved 1048576K
Event: 13491.695 GC heap after
Heap after GC invocations=44 (full 4):
 PSYoungGen      total 121344K, used 0K [0x00000007b5580000, 0x00000007be400000, 0x00000007c0000000)
  eden space 98304K, 0% used [0x00000007b5580000,0x00000007b5580000,0x00000007bb580000)
  from space 23040K, 0% used [0x00000007bcc80000,0x00000007bcc80000,0x00000007be300000)
  to   space 23552K, 0% used [0x00000007bb580000,0x00000007bb580000,0x00000007bcc80000)
 ParOldGen       total 129536K, used 67793K [0x00000007a0000000, 0x00000007a7e80000, 0x00000007b5580000)
  object space 129536K, 52% used [0x00000007a0000000,0x00000007a4234740,0x00000007a7e80000)
 Metaspace       used 46649K, capacity 49170K, committed 49536K, reserved 1091584K
  class space    used 5317K, capacity 6742K, committed 6784K, reserved 1048576K
}

