# JRE version: Java(TM) SE Runtime Environment (8.0_05-b13) (build 1.8.0_05-b13)
# Java VM: Java HotSpot(TM) 64-Bit Server VM (25.5-b02 mixed mode bsd-amd64 compressed oops)
Heap:
 PSYoungGen      total 131584K, used 61511K [0x00000007b5580000, 0x00000007c0000000, 0x00000007c0000000)
  eden space 97792K, 31% used [0x00000007b5580000,0x00000007b73fd238,0x00000007bb500000)
  from space 33792K, 89% used [0x00000007bdf00000,0x00000007bfc94d08,0x00000007c0000000)
  to   space 38400K, 0% used [0x00000007bb500000,0x00000007bb500000,0x00000007bda80000)
 ParOldGen       total 129536K, used 51006K [0x00000007a0000000, 0x00000007a7e80000, 0x00000007b5580000)
  object space 129536K, 39% used [0x00000007a0000000,0x00000007a31cf9f0,0x00000007a7e80000)
 Metaspace       used 44962K, capacity 47228K, committed 47356K, reserved 1089536K
  class space    used 5248K, capacity 6352K, committed 6400K, reserved 1048576K
GC Heap History (10 events):
Event: 40.774 GC heap before
{Heap before GC invocations=28 (full 2):
 PSYoungGen      total 146432K, used 12474K [0x00000007b5580000, 0x00000007bfe80000, 0x00000007c0000000)
  eden space 122880K, 0% used [0x00000007b5580000,0x00000007b5580000,0x00000007bcd80000)
  from space 23552K, 52% used [0x00000007be780000,0x00000007bf3aea98,0x00000007bfe80000)
  to   space 25088K, 0% used [0x00000007bcd80000,0x00000007bcd80000,0x00000007be600000)
 ParOldGen       total 129536K, used 51332K [0x00000007a0000000, 0x00000007a7e80000, 0x00000007b5580000)
  object space 129536K, 39% used [0x00000007a0000000,0x00000007a3221050,0x00000007a7e80000)
 Metaspace       used 33327K, capacity 34806K, committed 35068K, reserved 1079296K
  class space    used 3804K, capacity 4329K, committed 4352K, reserved 1048576K
Event: 41.496 GC heap after
Heap after GC invocations=28 (full 2):
 PSYoungGen      total 146432K, used 0K [0x00000007b5580000, 0x00000007bfe80000, 0x00000007c0000000)
  eden space 122880K, 0% used [0x00000007b5580000,0x00000007b5580000,0x00000007bcd80000)
  from space 23552K, 0% used [0x00000007be780000,0x00000007be780000,0x00000007bfe80000)
  to   space 25088K, 0% used [0x00000007bcd80000,0x00000007bcd80000,0x00000007be600000)
 ParOldGen       total 129536K, used 48025K [0x00000007a0000000, 0x00000007a7e80000, 0x00000007b5580000)
  object space 129536K, 37% used [0x00000007a0000000,0x00000007a2ee6588,0x00000007a7e80000)
 Metaspace       used 33260K, capacity 34644K, committed 35068K, reserved 1079296K
  class space    used 3795K, capacity 4285K, committed 4352K, reserved 1048576K
}
Event: 45.271 GC heap before
{Heap before GC invocations=29 (full 2):
 PSYoungGen      total 146432K, used 122880K [0x00000007b5580000, 0x00000007bfe80000, 0x00000007c0000000)
  eden space 122880K, 100% used [0x00000007b5580000,0x00000007bcd80000,0x00000007bcd80000)
  from space 23552K, 0% used [0x00000007be780000,0x00000007be780000,0x00000007bfe80000)
  to   space 25088K, 0% used [0x00000007bcd80000,0x00000007bcd80000,0x00000007be600000)
 ParOldGen       total 129536K, used 48025K [0x00000007a0000000, 0x00000007a7e80000, 0x00000007b5580000)
  object space 129536K, 37% used [0x00000007a0000000,0x00000007a2ee6588,0x00000007a7e80000)
 Metaspace       used 36409K, capacity 37892K, committed 38012K, reserved 1083392K
  class space    used 4147K, capacity 4645K, committed 4736K, reserved 1048576K
Event: 45.314 GC heap after
Heap after GC invocations=29 (full 2):
 PSYoungGen      total 147968K, used 14183K [0x00000007b5580000, 0x00000007c0000000, 0x00000007c0000000)
  eden space 122880K, 0% used [0x00000007b5580000,0x00000007b5580000,0x00000007bcd80000)
  from space 25088K, 56% used [0x00000007bcd80000,0x00000007bdb59c98,0x00000007be600000)
  to   space 25088K, 0% used [0x00000007be780000,0x00000007be780000,0x00000007c0000000)
 ParOldGen       total 129536K, used 48033K [0x00000007a0000000, 0x00000007a7e80000, 0x00000007b5580000)
  object space 129536K, 37% used [0x00000007a0000000,0x00000007a2ee8588,0x00000007a7e80000)
 Metaspace       used 36409K, capacity 37892K, committed 38012K, reserved 1083392K
  class space    used 4147K, capacity 4645K, committed 4736K, reserved 1048576K
}
Event: 48.447 GC heap before
{Heap before GC invocations=30 (full 2):
 PSYoungGen      total 147968K, used 137063K [0x00000007b5580000, 0x00000007c0000000, 0x00000007c0000000)
  eden space 122880K, 100% used [0x00000007b5580000,0x00000007bcd80000,0x00000007bcd80000)
  from space 25088K, 56% used [0x00000007bcd80000,0x00000007bdb59c98,0x00000007be600000)
  to   space 25088K, 0% used [0x00000007be780000,0x00000007be780000,0x00000007c0000000)
 ParOldGen       total 129536K, used 48033K [0x00000007a0000000, 0x00000007a7e80000, 0x00000007b5580000)
  object space 129536K, 37% used [0x00000007a0000000,0x00000007a2ee8588,0x00000007a7e80000)
 Metaspace       used 37159K, capacity 38822K, committed 38908K, reserved 1083392K
  class space    used 4245K, capacity 4784K, committed 4864K, reserved 1048576K
Event: 48.538 GC heap after
Heap after GC invocations=30 (full 2):
 PSYoungGen      total 139264K, used 25061K [0x00000007b5580000, 0x00000007c0000000, 0x00000007c0000000)
  eden space 114176K, 0% used [0x00000007b5580000,0x00000007b5580000,0x00000007bc500000)
  from space 25088K, 99% used [0x00000007be780000,0x00000007bfff9728,0x00000007c0000000)
  to   space 30208K, 0% used [0x00000007bc500000,0x00000007bc500000,0x00000007be280000)
 ParOldGen       total 129536K, used 50990K [0x00000007a0000000, 0x00000007a7e80000, 0x00000007b5580000)
  object space 129536K, 39% used [0x00000007a0000000,0x00000007a31cb9f0,0x00000007a7e80000)
 Metaspace       used 37159K, capacity 38822K, committed 38908K, reserved 1083392K
  class space    used 4245K, capacity 4784K, committed 4864K, reserved 1048576K
}
Event: 63.096 GC heap before
{Heap before GC invocations=31 (full 2):
 PSYoungGen      total 139264K, used 139237K [0x00000007b5580000, 0x00000007c0000000, 0x00000007c0000000)
  eden space 114176K, 100% used [0x00000007b5580000,0x00000007bc500000,0x00000007bc500000)
  from space 25088K, 99% used [0x00000007be780000,0x00000007bfff9728,0x00000007c0000000)
  to   space 30208K, 0% used [0x00000007bc500000,0x00000007bc500000,0x00000007be280000)
 ParOldGen       total 129536K, used 50990K [0x00000007a0000000, 0x00000007a7e80000, 0x00000007b5580000)
  object space 129536K, 39% used [0x00000007a0000000,0x00000007a31cb9f0,0x00000007a7e80000)
 Metaspace       used 41871K, capacity 43662K, committed 43772K, reserved 1087488K
  class space    used 4890K, capacity 5542K, committed 5632K, reserved 1048576K
Event: 63.158 GC heap after
Heap after GC invocations=31 (full 2):
 PSYoungGen      total 140800K, used 26252K [0x00000007b5580000, 0x00000007c0000000, 0x00000007c0000000)
  eden space 114176K, 0% used [0x00000007b5580000,0x00000007b5580000,0x00000007bc500000)
  from space 26624K, 98% used [0x00000007bc500000,0x00000007bdea3138,0x00000007bdf00000)
  to   space 33792K, 0% used [0x00000007bdf00000,0x00000007bdf00000,0x00000007c0000000)
 ParOldGen       total 129536K, used 50998K [0x00000007a0000000, 0x00000007a7e80000, 0x00000007b5580000)
  object space 129536K, 39% used [0x00000007a0000000,0x00000007a31cd9f0,0x00000007a7e80000)
 Metaspace       used 41871K, capacity 43662K, committed 43772K, reserved 1087488K
  class space    used 4890K, capacity 5542K, committed 5632K, reserved 1048576K
}
Event: 261.232 GC heap before
{Heap before GC invocations=32 (full 2):
 PSYoungGen      total 140800K, used 140428K [0x00000007b5580000, 0x00000007c0000000, 0x00000007c0000000)
  eden space 114176K, 100% used [0x00000007b5580000,0x00000007bc500000,0x00000007bc500000)
  from space 26624K, 98% used [0x00000007bc500000,0x00000007bdea3138,0x00000007bdf00000)
  to   space 33792K, 0% used [0x00000007bdf00000,0x00000007bdf00000,0x00000007c0000000)
 ParOldGen       total 129536K, used 50998K [0x00000007a0000000, 0x00000007a7e80000, 0x00000007b5580000)
  object space 129536K, 39% used [0x00000007a0000000,0x00000007a31cd9f0,0x00000007a7e80000)
 Metaspace       used 44862K, capacity 47088K, committed 47356K, reserved 1089536K
  class space    used 5246K, capacity 6350K, committed 6400K, reserved 1048576K
Event: 261.299 GC heap after
Heap after GC invocations=32 (full 2):
 PSYoungGen      total 131584K, used 30291K [0x00000007b5580000, 0x00000007c0000000, 0x00000007c0000000)
  eden space 97792K, 0% used [0x00000007b5580000,0x00000007b5580000,0x00000007bb500000)
  from space 33792K, 89% used [0x00000007bdf00000,0x00000007bfc94d08,0x00000007c0000000)
  to   space 38400K, 0% used [0x00000007bb500000,0x00000007bb500000,0x00000007bda80000)
 ParOldGen       total 129536K, used 51006K [0x00000007a0000000, 0x00000007a7e80000, 0x00000007b5580000)
  object space 129536K, 39% used [0x00000007a0000000,0x00000007a31cf9f0,0x00000007a7e80000)
 Metaspace       used 44862K, capacity 47088K, committed 47356K, reserved 1089536K
  class space    used 5246K, capacity 6350K, committed 6400K, reserved 1048576K
}

